2024-08-23 06:48:18,844 - INFO - HTTP Request: POST https://api.telegram.org/bot6352965918:AAG439Fvc5rgADTXzKE39KdOkiXw_LZWpdU/getUpdates "HTTP/1.1 200 OK"
2024-08-23 06:48:29,201 - INFO - HTTP Request: POST https://api.telegram.org/bot6352965918:AAG439Fvc5rgADTXzKE39KdOkiXw_LZWpdU/getUpdates "HTTP/1.1 200 OK"
2024-08-23 06:48:39,568 - INFO - HTTP Request: POST https://api.telegram.org/bot6352965918:AAG439Fvc5rgADTXzKE39KdOkiXw_LZWpdU/getUpdates "HTTP/1.1 200 OK"
2024-08-23 06:48:49,928 - INFO - HTTP Request: POST https://api.telegram.org/bot6352965918:AAG439Fvc5rgADTXzKE39KdOkiXw_LZWpdU/getUpdates "HTTP/1.1 200 OK"
2024-08-23 06:49:00,299 - INFO - HTTP Request: POST https://api.telegram.org/bot6352965918:AAG439Fvc5rgADTXzKE39KdOkiXw_LZWpdU/getUpdates "HTTP/1.1 200 OK"
2024-08-23 06:49:10,662 - INFO - HTTP Request: POST https://api.telegram.org/bot6352965918:AAG439Fvc5rgADTXzKE39KdOkiXw_LZWpdU/getUpdates "HTTP/1.1 200 OK"
2024-08-23 06:49:21,038 - INFO - HTTP Request: POST https://api.telegram.org/bot6352965918:AAG439Fvc5rgADTXzKE39KdOkiXw_LZWpdU/getUpdates "HTTP/1.1 200 OK"
2024-08-23 06:49:31,397 - INFO - HTTP Request: POST https://api.telegram.org/bot6352965918:AAG439Fvc5rgADTXzKE39KdOkiXw_LZWpdU/getUpdates "HTTP/1.1 200 OK"
2024-08-23 06:49:41,319 - INFO - HTTP Request: POST https://api.telegram.org/bot6352965918:AAG439Fvc5rgADTXzKE39KdOkiXw_LZWpdU/getUpdates "HTTP/1.1 200 OK"
2024-08-23 06:49:41,319 - INFO - Application is stopping. This might take a moment.
2024-08-23 06:49:41,319 - INFO - Application.stop() complete
2024-08-23 10:12:40,756 - INFO - Initializing database...
2024-08-23 10:12:44,864 - INFO - Telegram bot started.
2024-08-23 10:12:46,311 - INFO - HTTP Request: POST https://api.telegram.org/bot6352965918:AAG439Fvc5rgADTXzKE39KdOkiXw_LZWpdU/getMe "HTTP/1.1 200 OK"
2024-08-23 10:12:46,639 - INFO - HTTP Request: POST https://api.telegram.org/bot6352965918:AAG439Fvc5rgADTXzKE39KdOkiXw_LZWpdU/deleteWebhook "HTTP/1.1 200 OK"
2024-08-23 10:12:46,655 - INFO - Application started
2024-08-23 10:12:47,514 - INFO - HTTP Request: POST https://api.telegram.org/bot6352965918:AAG439Fvc5rgADTXzKE39KdOkiXw_LZWpdU/getUpdates "HTTP/1.1 200 OK"
2024-08-23 10:12:48,137 - INFO - HTTP Request: POST https://api.telegram.org/bot6352965918:AAG439Fvc5rgADTXzKE39KdOkiXw_LZWpdU/sendMessage "HTTP/1.1 200 OK"
2024-08-23 10:12:48,737 - INFO - HTTP Request: POST https://api.telegram.org/bot6352965918:AAG439Fvc5rgADTXzKE39KdOkiXw_LZWpdU/sendMessage "HTTP/1.1 200 OK"
2024-08-23 10:12:49,318 - INFO - HTTP Request: POST https://api.telegram.org/bot6352965918:AAG439Fvc5rgADTXzKE39KdOkiXw_LZWpdU/sendMessage "HTTP/1.1 200 OK"
2024-08-23 10:12:57,810 - INFO - HTTP Request: POST https://api.telegram.org/bot6352965918:AAG439Fvc5rgADTXzKE39KdOkiXw_LZWpdU/getUpdates "HTTP/1.1 200 OK"
2024-08-23 10:13:00,968 - INFO - HTTP Request: POST https://api.telegram.org/bot6352965918:AAG439Fvc5rgADTXzKE39KdOkiXw_LZWpdU/getUpdates "HTTP/1.1 200 OK"
2024-08-23 10:13:02,079 - INFO - HTTP Request: POST https://api.telegram.org/bot6352965918:AAG439Fvc5rgADTXzKE39KdOkiXw_LZWpdU/sendMessage "HTTP/1.1 200 OK"
2024-08-23 10:13:04,674 - INFO - HTTP Request: POST https://api.telegram.org/bot6352965918:AAG439Fvc5rgADTXzKE39KdOkiXw_LZWpdU/getUpdates "HTTP/1.1 200 OK"
2024-08-23 10:13:14,965 - INFO - HTTP Request: POST https://api.telegram.org/bot6352965918:AAG439Fvc5rgADTXzKE39KdOkiXw_LZWpdU/getUpdates "HTTP/1.1 200 OK"
2024-08-23 10:13:22,950 - INFO - HTTP Request: POST https://api.telegram.org/bot6352965918:AAG439Fvc5rgADTXzKE39KdOkiXw_LZWpdU/getUpdates "HTTP/1.1 200 OK"
2024-08-23 10:13:22,965 - INFO - Application is stopping. This might take a moment.
2024-08-23 10:13:22,965 - INFO - Application.stop() complete
2024-08-23 10:13:34,300 - INFO - Initializing database...
2024-08-23 10:13:37,219 - INFO - Telegram bot started.
2024-08-23 10:13:38,523 - INFO - HTTP Request: POST https://api.telegram.org/bot6352965918:AAG439Fvc5rgADTXzKE39KdOkiXw_LZWpdU/getMe "HTTP/1.1 200 OK"
2024-08-23 10:13:38,897 - INFO - HTTP Request: POST https://api.telegram.org/bot6352965918:AAG439Fvc5rgADTXzKE39KdOkiXw_LZWpdU/deleteWebhook "HTTP/1.1 200 OK"
2024-08-23 10:13:38,913 - INFO - Application started
2024-08-23 10:13:41,593 - INFO - HTTP Request: POST https://api.telegram.org/bot6352965918:AAG439Fvc5rgADTXzKE39KdOkiXw_LZWpdU/getUpdates "HTTP/1.1 200 OK"
2024-08-23 10:13:42,194 - INFO - HTTP Request: POST https://api.telegram.org/bot6352965918:AAG439Fvc5rgADTXzKE39KdOkiXw_LZWpdU/sendMessage "HTTP/1.1 200 OK"
2024-08-23 10:13:51,823 - INFO - HTTP Request: POST https://api.telegram.org/bot6352965918:AAG439Fvc5rgADTXzKE39KdOkiXw_LZWpdU/getUpdates "HTTP/1.1 200 OK"
2024-08-23 10:14:02,065 - INFO - HTTP Request: POST https://api.telegram.org/bot6352965918:AAG439Fvc5rgADTXzKE39KdOkiXw_LZWpdU/getUpdates "HTTP/1.1 200 OK"
2024-08-23 10:14:12,300 - INFO - HTTP Request: POST https://api.telegram.org/bot6352965918:AAG439Fvc5rgADTXzKE39KdOkiXw_LZWpdU/getUpdates "HTTP/1.1 200 OK"
2024-08-23 10:14:22,529 - INFO - HTTP Request: POST https://api.telegram.org/bot6352965918:AAG439Fvc5rgADTXzKE39KdOkiXw_LZWpdU/getUpdates "HTTP/1.1 200 OK"
2024-08-23 10:14:32,762 - INFO - HTTP Request: POST https://api.telegram.org/bot6352965918:AAG439Fvc5rgADTXzKE39KdOkiXw_LZWpdU/getUpdates "HTTP/1.1 200 OK"
2024-08-23 10:14:43,000 - INFO - HTTP Request: POST https://api.telegram.org/bot6352965918:AAG439Fvc5rgADTXzKE39KdOkiXw_LZWpdU/getUpdates "HTTP/1.1 200 OK"
2024-08-23 10:14:47,754 - INFO - HTTP Request: POST https://api.telegram.org/bot6352965918:AAG439Fvc5rgADTXzKE39KdOkiXw_LZWpdU/getUpdates "HTTP/1.1 200 OK"
2024-08-23 10:14:47,754 - INFO - Application is stopping. This might take a moment.
2024-08-23 10:14:47,754 - INFO - Application.stop() complete
2024-08-23 10:49:35,185 - INFO - Initializing database...
2024-08-23 10:49:38,802 - INFO - Telegram bot started.
2024-08-23 10:49:39,937 - INFO - HTTP Request: POST https://api.telegram.org/bot6352965918:AAG439Fvc5rgADTXzKE39KdOkiXw_LZWpdU/getMe "HTTP/1.1 200 OK"
2024-08-23 10:49:40,173 - INFO - HTTP Request: POST https://api.telegram.org/bot6352965918:AAG439Fvc5rgADTXzKE39KdOkiXw_LZWpdU/deleteWebhook "HTTP/1.1 200 OK"
2024-08-23 10:49:40,181 - INFO - Application started
2024-08-23 10:49:41,613 - INFO - HTTP Request: POST https://api.telegram.org/bot6352965918:AAG439Fvc5rgADTXzKE39KdOkiXw_LZWpdU/getUpdates "HTTP/1.1 200 OK"
2024-08-23 10:49:42,067 - INFO - HTTP Request: POST https://api.telegram.org/bot6352965918:AAG439Fvc5rgADTXzKE39KdOkiXw_LZWpdU/sendMessage "HTTP/1.1 200 OK"
2024-08-23 10:49:48,961 - INFO - HTTP Request: POST https://api.telegram.org/bot6352965918:AAG439Fvc5rgADTXzKE39KdOkiXw_LZWpdU/getUpdates "HTTP/1.1 200 OK"
2024-08-23 10:49:48,965 - INFO - Application is stopping. This might take a moment.
2024-08-23 10:49:48,966 - INFO - Application.stop() complete
